[Info][05/26/18 11:28:46] Calculating path from (57.20, -123.83, -300.03) -> (145.72, -119.94, -328.32)
[Info][05/26/18 11:28:48] Calculating path from (-104.94, -69.97, -296.67) -> (145.72, -119.94, -328.32)
[Info][05/26/18 11:28:51] Calculating path from (-78.96, -119.94, -300.95) -> (145.72, -119.94, -328.32)
[Info][05/26/18 11:29:00] Calculating path from (882.54, -139.94, -523.51) -> (145.72, -119.94, -328.32)
[Info][05/26/18 11:29:09] Calculating path from (860.30, 99.97, -76.03) -> (145.72, -119.94, -328.32)
[Info][05/26/18 11:49:45] Calculating path from (860.30, 99.97, -76.03) -> (145.72, -119.94, -328.32)
[Info][05/26/18 11:49:45] Calculating path from (860.30, 99.97, -76.03) -> (145.72, -119.94, -328.32)
[Info][05/26/18 11:49:46] Calculating path from (860.30, 99.97, -76.03) -> (145.72, -119.94, -328.32)
[Info][05/26/18 11:49:46] Calculating path from (860.30, 99.97, -76.03) -> (145.72, -119.94, -328.32)
[Info][05/26/18 11:49:47] Calculating path from (860.30, 99.97, -76.03) -> (145.72, -119.94, -328.32)
[Info][05/26/18 11:49:47] Calculating path from (860.30, 99.97, -76.03) -> (145.72, -119.94, -328.32)
[Info][05/26/18 11:50:07] Calculating path from (860.30, 99.97, -76.03) -> (746.30, -159.94, -464.14)
[Info][05/26/18 11:51:02] Calculating path from (860.30, 99.97, -76.03) -> (746.30, -159.94, -464.14)
[Info][05/26/18 11:51:02] Calculating path from (860.30, 99.97, -76.03) -> (746.30, -159.94, -464.14)
[Info][05/26/18 11:51:03] Calculating path from (860.30, 99.97, -76.03) -> (746.30, -159.94, -464.14)
[Info][05/26/18 11:51:04] Calculating path from (860.30, 99.97, -76.03) -> (746.30, -159.94, -464.14)
[Info][05/26/18 11:51:05] Calculating path from (860.30, 99.97, -76.03) -> (746.30, -159.94, -464.14)
[Info][05/26/18 11:51:06] Calculating path from (860.30, 99.97, -76.03) -> (746.30, -159.94, -464.14)
[Info][05/26/18 11:51:07] Calculating path from (860.30, 99.97, -76.03) -> (746.30, -159.94, -464.14)
[Info][05/26/18 11:51:11] Calculating path from (860.30, 99.97, -76.03) -> (746.30, -159.94, -464.14)
[Info][05/26/18 11:51:23] Calculating path from (860.30, 99.97, -76.03) -> (770.84, -139.94, -517.83)
[Info][05/26/18 11:51:40] Calculating path from (860.30, 99.97, -76.03) -> (770.84, -139.94, -517.83)
[Info][05/26/18 11:51:41] Calculating path from (860.30, 99.97, -76.03) -> (770.84, -139.94, -517.83)
[Info][05/26/18 11:51:41] Calculating path from (860.30, 99.97, -76.03) -> (770.84, -139.94, -517.83)
[Info][05/26/18 11:51:54] Calculating path from (860.30, 99.97, -76.03) -> (770.84, -139.94, -517.83)
[Info][05/26/18 11:51:55] Calculating path from (860.30, 99.97, -76.03) -> (770.84, -139.94, -517.83)
[Info][05/26/18 11:51:56] Calculating path from (860.30, 99.97, -76.03) -> (770.84, -139.94, -517.83)
[Info][05/26/18 11:51:56] Calculating path from (860.30, 99.97, -76.03) -> (770.84, -139.94, -517.83)
[Info][05/26/18 11:51:57] Calculating path from (860.30, 99.97, -76.03) -> (770.84, -139.94, -517.83)
[Info][05/26/18 11:52:27] Calculating path from (860.30, 99.97, -76.03) -> (770.84, -139.94, -517.83)
[Info][05/26/18 11:52:27] Calculating path from (860.30, 99.97, -76.03) -> (770.84, -139.94, -517.83)
[Info][05/26/18 11:52:28] Calculating path from (860.30, 99.97, -76.03) -> (770.84, -139.94, -517.83)
[Info][05/26/18 11:52:41] Calculating path from (860.30, 99.97, -76.03) -> (770.84, -139.94, -517.83)
[Info][05/26/18 11:52:42] Calculating path from (860.30, 99.97, -76.03) -> (770.84, -139.94, -517.83)
[Info][05/26/18 11:52:42] Calculating path from (860.30, 99.97, -76.03) -> (770.84, -139.94, -517.83)
[Info][05/26/18 11:52:47] Calculating path from (860.30, 99.97, -76.03) -> (818.52, -139.94, -514.89)
[Info][05/26/18 11:52:50] Calculating path from (860.30, 99.97, -76.03) -> (800.93, -139.94, -596.03)
[Info][05/26/18 11:52:52] Calculating path from (860.30, 99.97, -76.03) -> (946.06, -139.94, -574.85)
[Info][05/26/18 11:52:53] Calculating path from (860.30, 99.97, -76.03) -> (950.43, -139.94, -619.89)
[Info][05/26/18 11:52:54] Calculating path from (860.30, 99.97, -76.03) -> (930.78, -139.94, -613.70)
[Info][05/26/18 11:52:57] Calculating path from (860.30, 99.97, -76.03) -> (1008.88, -159.94, -545.40)
[Info][05/26/18 11:52:59] Calculating path from (860.30, 99.97, -76.03) -> (1064.04, -159.94, -638.87)
[Info][05/26/18 11:53:01] Calculating path from (860.30, 99.97, -76.03) -> (1331.47, -129.48, -573.49)
[Info][05/26/18 11:53:04] Calculating path from (860.30, 99.97, -76.03) -> (1351.64, -149.94, -558.74)
[Info][05/26/18 11:53:26] Calculating path from (860.30, 99.97, -76.03) -> (1351.64, -149.94, -558.74)
[Info][05/26/18 11:53:26] Calculating path from (860.30, 99.97, -76.03) -> (1351.64, -149.94, -558.74)
[Info][05/26/18 11:53:27] Calculating path from (860.30, 99.97, -76.03) -> (1351.64, -149.94, -558.74)
[Info][05/26/18 11:53:38] Calculating path from (860.30, 99.97, -76.03) -> (1128.24, -179.94, -749.90)
[Info][05/26/18 11:53:40] Calculating path from (860.30, 99.97, -76.03) -> (1007.86, -179.94, -797.51)
[Info][05/26/18 11:53:42] Calculating path from (860.30, 99.97, -76.03) -> (907.99, -209.91, -793.52)
[Info][05/26/18 11:53:43] Calculating path from (860.30, 99.97, -76.03) -> (990.32, -271.91, -1014.12)
[Info][05/26/18 11:53:49] Calculating path from (860.30, 99.97, -76.03) -> (890.74, -209.91, -878.61)
[Info][05/26/18 11:53:51] Calculating path from (860.30, 99.97, -76.03) -> (883.30, -219.91, -834.51)
[Info][05/26/18 11:53:52] Calculating path from (860.30, 99.97, -76.03) -> (889.71, -209.91, -801.67)
[Info][05/26/18 11:53:54] Calculating path from (860.30, 99.97, -76.03) -> (956.76, -269.91, -914.70)
[Info][05/26/18 11:54:02] Calculating path from (860.30, 99.97, -76.03) -> (584.10, -305.02, 45.51)
[Info][05/26/18 11:54:07] Calculating path from (860.30, 99.97, -76.03) -> (475.78, -299.88, 34.56)
[Info][05/26/18 11:54:08] Calculating path from (860.30, 99.97, -76.03) -> (517.58, -308.84, 37.91)
[Info][05/26/18 11:54:35] Calculating path from (860.30, 99.97, -76.03) -> (517.58, -308.84, 37.91)
[Info][05/26/18 11:54:36] Calculating path from (860.30, 99.97, -76.03) -> (517.58, -308.84, 37.91)
[Info][05/26/18 11:54:36] Calculating path from (860.30, 99.97, -76.03) -> (517.58, -308.84, 37.91)
[Info][05/26/18 11:54:37] Calculating path from (860.30, 99.97, -76.03) -> (517.58, -308.84, 37.91)
[Info][05/26/18 11:54:37] Calculating path from (860.30, 99.97, -76.03) -> (517.58, -308.84, 37.91)
[Info][05/26/18 11:54:38] Calculating path from (860.30, 99.97, -76.03) -> (517.58, -308.84, 37.91)
[Info][05/26/18 11:55:38] Calculating path from (860.30, 99.97, -76.03) -> (517.58, -308.84, 37.91)
[Info][05/26/18 11:55:39] Calculating path from (860.30, 99.97, -76.03) -> (517.58, -308.84, 37.91)
[Info][05/26/18 11:55:39] Calculating path from (860.30, 99.97, -76.03) -> (517.58, -308.84, 37.91)
[Info][05/26/18 11:55:40] Calculating path from (860.30, 99.97, -76.03) -> (517.58, -308.84, 37.91)
[Info][05/26/18 11:55:40] Calculating path from (860.30, 99.97, -76.03) -> (517.58, -308.84, 37.91)
[Info][05/26/18 11:55:41] Calculating path from (860.30, 99.97, -76.03) -> (517.58, -308.84, 37.91)
[Info][05/27/18 00:17:45] Calculating path from (-10.47, 36.00, 249.97) -> (171.55, -36.00, -414.87)
[Info][05/27/18 00:17:51] Calculating path from (-10.47, 36.00, 249.97) -> (381.67, -44.44, -270.81)
[Info][05/27/18 00:17:55] Calculating path from (-10.47, 36.00, 249.97) -> (148.93, -36.00, -411.19)
[Info][05/27/18 00:17:56] Calculating path from (-10.47, 36.00, 249.97) -> (299.75, -36.00, -514.36)
[Info][05/27/18 00:18:05] Calculating path from (-10.47, 36.00, 249.97) -> (191.57, -179.94, -877.19)
[Info][05/27/18 00:18:10] Calculating path from (-10.47, 36.00, 249.97) -> (348.84, -179.94, -1316.05)
[Info][05/27/18 00:18:31] Calculating path from (-10.47, 36.00, 249.97) -> (348.84, -179.94, -1316.05)
[Info][05/27/18 00:18:40] Calculating path from (-10.47, 36.00, 249.97) -> (-150.79, -179.94, -1548.77)
[Info][05/27/18 00:18:43] Calculating path from (-10.47, 36.00, 249.97) -> (-544.60, -143.94, -2115.91)
